<?xml version="1.0" encoding="UTF-8"?>
<testsuite name="CRUD Operations" tests="3" skipped="0" failures="0" errors="0" timestamp="2025-10-31T16:49:32.192Z" hostname="UKL92JV9Y26P" time="0.026">
  <properties/>
  <testcase name="Should delete profile" classname="com.deryncullen.resume.repository.ProfileRepositoryTest$CrudOperations" time="0.006"/>
  <testcase name="Should save profile with all fields" classname="com.deryncullen.resume.repository.ProfileRepositoryTest$CrudOperations" time="0.006"/>
  <testcase name="Should update profile" classname="com.deryncullen.resume.repository.ProfileRepositoryTest$CrudOperations" time="0.012"/>
  <system-out><![CDATA[2025-10-31 16:49:32 - o.s.t.c.s.AnnotationConfigContextLoaderUtils - Could not detect default configuration classes for test class [com.deryncullen.resume.repository.ProfileRepositoryTest$CrudOperations]: CrudOperations does not declare any static, non-private, non-final, nested classes annotated with @Configuration.
2025-10-31 16:49:32 - o.s.b.t.c.SpringBootTestContextBootstrapper - Found @SpringBootConfiguration com.deryncullen.resume.ResumeBackendApplication for test class com.deryncullen.resume.repository.ProfileRepositoryTest$CrudOperations
2025-10-31 16:49:32 - org.hibernate.SQL - 
    /* insert for
        com.deryncullen.resume.model.Profile */insert 
    into
        profiles (active, created_at, email, first_name, github_url, last_name, linkedin_url, location, phone, summary, title, updated_at, version, website_url) 
    values
        (?, ?, ?, ?, ?, ?, ?, ?, ?, ?, ?, ?, ?, ?)
Hibernate: 
    /* insert for
        com.deryncullen.resume.model.Profile */insert 
    into
        profiles (active, created_at, email, first_name, github_url, last_name, linkedin_url, location, phone, summary, title, updated_at, version, website_url) 
    values
        (?, ?, ?, ?, ?, ?, ?, ?, ?, ?, ?, ?, ?, ?)
2025-10-31 16:49:32 - org.hibernate.SQL - 
    /* delete for com.deryncullen.resume.model.Profile */delete 
    from
        profiles 
    where
        id=? 
        and version=?
Hibernate: 
    /* delete for com.deryncullen.resume.model.Profile */delete 
    from
        profiles 
    where
        id=? 
        and version=?
2025-10-31 16:49:32 - org.hibernate.SQL - 
    select
        p1_0.id,
        p1_0.active,
        p1_0.created_at,
        p1_0.email,
        p1_0.first_name,
        p1_0.github_url,
        p1_0.last_name,
        p1_0.linkedin_url,
        p1_0.location,
        p1_0.phone,
        p1_0.summary,
        p1_0.title,
        p1_0.updated_at,
        p1_0.version,
        p1_0.website_url 
    from
        profiles p1_0 
    where
        p1_0.id=?
Hibernate: 
    select
        p1_0.id,
        p1_0.active,
        p1_0.created_at,
        p1_0.email,
        p1_0.first_name,
        p1_0.github_url,
        p1_0.last_name,
        p1_0.linkedin_url,
        p1_0.location,
        p1_0.phone,
        p1_0.summary,
        p1_0.title,
        p1_0.updated_at,
        p1_0.version,
        p1_0.website_url 
    from
        profiles p1_0 
    where
        p1_0.id=?
2025-10-31 16:49:32 - org.hibernate.SQL - 
    /* insert for
        com.deryncullen.resume.model.Profile */insert 
    into
        profiles (active, created_at, email, first_name, github_url, last_name, linkedin_url, location, phone, summary, title, updated_at, version, website_url) 
    values
        (?, ?, ?, ?, ?, ?, ?, ?, ?, ?, ?, ?, ?, ?)
Hibernate: 
    /* insert for
        com.deryncullen.resume.model.Profile */insert 
    into
        profiles (active, created_at, email, first_name, github_url, last_name, linkedin_url, location, phone, summary, title, updated_at, version, website_url) 
    values
        (?, ?, ?, ?, ?, ?, ?, ?, ?, ?, ?, ?, ?, ?)
2025-10-31 16:49:32 - org.hibernate.SQL - 
    select
        p1_0.id,
        p1_0.active,
        p1_0.created_at,
        p1_0.email,
        p1_0.first_name,
        p1_0.github_url,
        p1_0.last_name,
        p1_0.linkedin_url,
        p1_0.location,
        p1_0.phone,
        p1_0.summary,
        p1_0.title,
        p1_0.updated_at,
        p1_0.version,
        p1_0.website_url 
    from
        profiles p1_0 
    where
        p1_0.id=?
Hibernate: 
    select
        p1_0.id,
        p1_0.active,
        p1_0.created_at,
        p1_0.email,
        p1_0.first_name,
        p1_0.github_url,
        p1_0.last_name,
        p1_0.linkedin_url,
        p1_0.location,
        p1_0.phone,
        p1_0.summary,
        p1_0.title,
        p1_0.updated_at,
        p1_0.version,
        p1_0.website_url 
    from
        profiles p1_0 
    where
        p1_0.id=?
2025-10-31 16:49:32 - org.hibernate.SQL - 
    /* insert for
        com.deryncullen.resume.model.Profile */insert 
    into
        profiles (active, created_at, email, first_name, github_url, last_name, linkedin_url, location, phone, summary, title, updated_at, version, website_url) 
    values
        (?, ?, ?, ?, ?, ?, ?, ?, ?, ?, ?, ?, ?, ?)
Hibernate: 
    /* insert for
        com.deryncullen.resume.model.Profile */insert 
    into
        profiles (active, created_at, email, first_name, github_url, last_name, linkedin_url, location, phone, summary, title, updated_at, version, website_url) 
    values
        (?, ?, ?, ?, ?, ?, ?, ?, ?, ?, ?, ?, ?, ?)
2025-10-31 16:49:32 - org.hibernate.SQL - 
    select
        p1_0.id,
        p1_0.active,
        p1_0.created_at,
        p1_0.email,
        p1_0.first_name,
        p1_0.github_url,
        p1_0.last_name,
        p1_0.linkedin_url,
        p1_0.location,
        p1_0.phone,
        p1_0.summary,
        p1_0.title,
        p1_0.updated_at,
        p1_0.version,
        p1_0.website_url 
    from
        profiles p1_0 
    where
        p1_0.id=?
Hibernate: 
    select
        p1_0.id,
        p1_0.active,
        p1_0.created_at,
        p1_0.email,
        p1_0.first_name,
        p1_0.github_url,
        p1_0.last_name,
        p1_0.linkedin_url,
        p1_0.location,
        p1_0.phone,
        p1_0.summary,
        p1_0.title,
        p1_0.updated_at,
        p1_0.version,
        p1_0.website_url 
    from
        profiles p1_0 
    where
        p1_0.id=?
2025-10-31 16:49:32 - org.hibernate.SQL - 
    /* update
        for com.deryncullen.resume.model.Profile */update profiles 
    set
        active=?,
        email=?,
        first_name=?,
        github_url=?,
        last_name=?,
        linkedin_url=?,
        location=?,
        phone=?,
        summary=?,
        title=?,
        updated_at=?,
        version=?,
        website_url=? 
    where
        id=? 
        and version=?
Hibernate: 
    /* update
        for com.deryncullen.resume.model.Profile */update profiles 
    set
        active=?,
        email=?,
        first_name=?,
        github_url=?,
        last_name=?,
        linkedin_url=?,
        location=?,
        phone=?,
        summary=?,
        title=?,
        updated_at=?,
        version=?,
        website_url=? 
    where
        id=? 
        and version=?
2025-10-31 16:49:32 - org.hibernate.SQL - 
    select
        p1_0.id,
        p1_0.active,
        p1_0.created_at,
        p1_0.email,
        p1_0.first_name,
        p1_0.github_url,
        p1_0.last_name,
        p1_0.linkedin_url,
        p1_0.location,
        p1_0.phone,
        p1_0.summary,
        p1_0.title,
        p1_0.updated_at,
        p1_0.version,
        p1_0.website_url 
    from
        profiles p1_0 
    where
        p1_0.id=?
Hibernate: 
    select
        p1_0.id,
        p1_0.active,
        p1_0.created_at,
        p1_0.email,
        p1_0.first_name,
        p1_0.github_url,
        p1_0.last_name,
        p1_0.linkedin_url,
        p1_0.location,
        p1_0.phone,
        p1_0.summary,
        p1_0.title,
        p1_0.updated_at,
        p1_0.version,
        p1_0.website_url 
    from
        profiles p1_0 
    where
        p1_0.id=?
]]></system-out>
  <system-err><![CDATA[]]></system-err>
</testsuite>
