<?xml version="1.0" encoding="UTF-8"?>
<testsuite name="Validation Tests" tests="4" skipped="0" failures="0" errors="0" timestamp="2025-10-31T16:49:29.483Z" hostname="UKL92JV9Y26P" time="0.072">
  <properties/>
  <testcase name="Should fail validation when required fields are null" classname="com.deryncullen.resume.model.ExperienceTest$ValidationTests" time="0.052"/>
  <testcase name="Should fail validation when future dates are used" classname="com.deryncullen.resume.model.ExperienceTest$ValidationTests" time="0.007"/>
  <testcase name="Should pass validation with valid data" classname="com.deryncullen.resume.model.ExperienceTest$ValidationTests" time="0.007"/>
  <testcase name="Should fail validation when end date is before start date" classname="com.deryncullen.resume.model.ExperienceTest$ValidationTests" time="0.005"/>
  <system-out><![CDATA[]]></system-out>
  <system-err><![CDATA[]]></system-err>
</testsuite>
