<?xml version="1.0" encoding="UTF-8"?>
<testsuite name="Validation Tests" tests="4" skipped="0" failures="0" errors="0" timestamp="2025-11-10T20:50:34.014Z" hostname="Mac.Home" time="0.029">
  <properties/>
  <testcase name="Should fail validation when required fields are null" classname="com.deryncullen.resume.model.ProfileTest$ValidationTests" time="0.009"/>
  <testcase name="Should fail validation with invalid URL format" classname="com.deryncullen.resume.model.ProfileTest$ValidationTests" time="0.009"/>
  <testcase name="Should pass validation with valid data" classname="com.deryncullen.resume.model.ProfileTest$ValidationTests" time="0.004"/>
  <testcase name="Should fail validation with invalid email format" classname="com.deryncullen.resume.model.ProfileTest$ValidationTests" time="0.004"/>
  <system-out><![CDATA[]]></system-out>
  <system-err><![CDATA[]]></system-err>
</testsuite>
