<?xml version="1.0" encoding="UTF-8"?>
<testsuite name="Get Profile Tests" tests="5" skipped="0" failures="0" errors="0" timestamp="2025-10-31T16:49:32.437Z" hostname="UKL92JV9Y26P" time="0.013">
  <properties/>
  <testcase name="Should get profile by email" classname="com.deryncullen.resume.service.ProfileServiceTest$GetProfileTests" time="0.002"/>
  <testcase name="Should get profile by ID" classname="com.deryncullen.resume.service.ProfileServiceTest$GetProfileTests" time="0.004"/>
  <testcase name="Should get profile with all relations" classname="com.deryncullen.resume.service.ProfileServiceTest$GetProfileTests" time="0.002"/>
  <testcase name="Should get all active profiles" classname="com.deryncullen.resume.service.ProfileServiceTest$GetProfileTests" time="0.001"/>
  <testcase name="Should throw exception when profile not found" classname="com.deryncullen.resume.service.ProfileServiceTest$GetProfileTests" time="0.002"/>
  <system-out><![CDATA[2025-10-31 16:49:32 - c.d.resume.service.ProfileService - Fetching profile with email: deryn@example.com
2025-10-31 16:49:32 - c.d.resume.service.ProfileService - Fetching profile with ID: 1
2025-10-31 16:49:32 - c.d.resume.service.ProfileService - Fetching profile with all relations for ID: 1
2025-10-31 16:49:32 - c.d.resume.service.ProfileService - Fetching all active profiles
2025-10-31 16:49:32 - c.d.resume.service.ProfileService - Fetching profile with ID: 999
]]></system-out>
  <system-err><![CDATA[]]></system-err>
</testsuite>
