<?xml version="1.0" encoding="UTF-8"?>
<testsuite name="Validation Tests" tests="4" skipped="0" failures="0" errors="0" timestamp="2025-10-31T16:49:29.584Z" hostname="UKL92JV9Y26P" time="0.046">
  <properties/>
  <testcase name="Should fail validation when required fields are null" classname="com.deryncullen.resume.model.ProfileTest$ValidationTests" time="0.018"/>
  <testcase name="Should fail validation with invalid URL format" classname="com.deryncullen.resume.model.ProfileTest$ValidationTests" time="0.014"/>
  <testcase name="Should pass validation with valid data" classname="com.deryncullen.resume.model.ProfileTest$ValidationTests" time="0.008"/>
  <testcase name="Should fail validation with invalid email format" classname="com.deryncullen.resume.model.ProfileTest$ValidationTests" time="0.005"/>
  <system-out><![CDATA[]]></system-out>
  <system-err><![CDATA[]]></system-err>
</testsuite>
