<?xml version="1.0" encoding="UTF-8"?>
<testsuite name="ProfileRepository Integration Tests" tests="0" skipped="0" failures="0" errors="0" timestamp="1970-01-01T00:00:00Z" hostname="UKL92JV9Y26P" time="0.0">
  <properties/>
  <system-out><![CDATA[16:49:29.678 [Test worker] INFO org.springframework.test.context.support.AnnotationConfigContextLoaderUtils -- Could not detect default configuration classes for test class [com.deryncullen.resume.repository.ProfileRepositoryTest]: ProfileRepositoryTest does not declare any static, non-private, non-final, nested classes annotated with @Configuration.
16:49:29.751 [Test worker] INFO org.springframework.boot.test.context.SpringBootTestContextBootstrapper -- Found @SpringBootConfiguration com.deryncullen.resume.ResumeBackendApplication for test class com.deryncullen.resume.repository.ProfileRepositoryTest
]]></system-out>
  <system-err><![CDATA[]]></system-err>
</testsuite>
