<?xml version="1.0" encoding="UTF-8"?>
<testsuite name="Update Profile Tests" tests="3" skipped="0" failures="0" errors="0" timestamp="2025-10-31T16:49:32.427Z" hostname="UKL92JV9Y26P" time="0.008">
  <properties/>
  <testcase name="Should throw exception when changing email to existing one" classname="com.deryncullen.resume.service.ProfileServiceTest$UpdateProfileTests" time="0.003"/>
  <testcase name="Should update profile successfully" classname="com.deryncullen.resume.service.ProfileServiceTest$UpdateProfileTests" time="0.003"/>
  <testcase name="Should throw exception when updating non-existent profile" classname="com.deryncullen.resume.service.ProfileServiceTest$UpdateProfileTests" time="0.002"/>
  <system-out><![CDATA[2025-10-31 16:49:32 - c.d.resume.service.ProfileService - Updating profile with ID: 1
2025-10-31 16:49:32 - c.d.resume.service.ProfileService - Updating profile with ID: 1
2025-10-31 16:49:32 - c.d.resume.service.ProfileService - Updated profile with ID: 1
2025-10-31 16:49:32 - c.d.resume.service.ProfileService - Updating profile with ID: 999
]]></system-out>
  <system-err><![CDATA[]]></system-err>
</testsuite>
